# JRE version: OpenJDK Runtime Environment (8.0_382-b05) (build 1.8.0_382-b05)
# Java VM: OpenJDK 64-Bit Server VM (25.382-b05 mixed mode windows-amd64 compressed oops)
Heap:
 PSYoungGen      total 141824K, used 16384K [0x000000076b000000, 0x000000077c500000, 0x00000007c0000000)
  eden space 131072K, 12% used [0x000000076b000000,0x000000076c000350,0x0000000773000000)
  from space 10752K, 0% used [0x0000000773000000,0x0000000773000000,0x0000000773a80000)
  to   space 10752K, 0% used [0x000000077ba80000,0x000000077ba80000,0x000000077c500000)
 ParOldGen       total 142336K, used 24462K [0x00000006c1000000, 0x00000006c9b00000, 0x000000076b000000)
  object space 142336K, 17% used [0x00000006c1000000,0x00000006c27e39f8,0x00000006c9b00000)
 Metaspace       used 21937K, capacity 22280K, committed 22448K, reserved 1069056K
  class space    used 2765K, capacity 2876K, committed 2944K, reserved 1048576K
GC Heap History (8 events):
Event: 0.684 GC heap before
{Heap before GC invocations=1 (full 0):
 PSYoungGen      total 76288K, used 65536K [0x000000076b000000, 0x0000000770500000, 0x00000007c0000000)
  eden space 65536K, 100% used [0x000000076b000000,0x000000076f000000,0x000000076f000000)
  from space 10752K, 0% used [0x000000076fa80000,0x000000076fa80000,0x0000000770500000)
  to   space 10752K, 0% used [0x000000076f000000,0x000000076f000000,0x000000076fa80000)
 ParOldGen       total 175104K, used 0K [0x00000006c1000000, 0x00000006cbb00000, 0x000000076b000000)
  object space 175104K, 0% used [0x00000006c1000000,0x00000006c1000000,0x00000006cbb00000)
 Metaspace       used 10016K, capacity 10188K, committed 10368K, reserved 1058816K
  class space    used 1195K, capacity 1288K, committed 1408K, reserved 1048576K
Event: 0.692 GC heap after
Heap after GC invocations=1 (full 0):
 PSYoungGen      total 76288K, used 10725K [0x000000076b000000, 0x0000000774500000, 0x00000007c0000000)
  eden space 65536K, 0% used [0x000000076b000000,0x000000076b000000,0x000000076f000000)
  from space 10752K, 99% used [0x000000076f000000,0x000000076fa79630,0x000000076fa80000)
  to   space 10752K, 0% used [0x0000000773a80000,0x0000000773a80000,0x0000000774500000)
 ParOldGen       total 175104K, used 4573K [0x00000006c1000000, 0x00000006cbb00000, 0x000000076b000000)
  object space 175104K, 2% used [0x00000006c1000000,0x00000006c1477700,0x00000006cbb00000)
 Metaspace       used 10016K, capacity 10188K, committed 10368K, reserved 1058816K
  class space    used 1195K, capacity 1288K, committed 1408K, reserved 1048576K
}
Event: 1.331 GC heap before
{Heap before GC invocations=2 (full 0):
 PSYoungGen      total 76288K, used 76261K [0x000000076b000000, 0x0000000774500000, 0x00000007c0000000)
  eden space 65536K, 100% used [0x000000076b000000,0x000000076f000000,0x000000076f000000)
  from space 10752K, 99% used [0x000000076f000000,0x000000076fa79630,0x000000076fa80000)
  to   space 10752K, 0% used [0x0000000773a80000,0x0000000773a80000,0x0000000774500000)
 ParOldGen       total 175104K, used 4573K [0x00000006c1000000, 0x00000006cbb00000, 0x000000076b000000)
  object space 175104K, 2% used [0x00000006c1000000,0x00000006c1477700,0x00000006cbb00000)
 Metaspace       used 17675K, capacity 17934K, committed 18304K, reserved 1064960K
  class space    used 2243K, capacity 2323K, committed 2432K, reserved 1048576K
Event: 1.339 GC heap after
Heap after GC invocations=2 (full 0):
 PSYoungGen      total 141824K, used 10748K [0x000000076b000000, 0x0000000774500000, 0x00000007c0000000)
  eden space 131072K, 0% used [0x000000076b000000,0x000000076b000000,0x0000000773000000)
  from space 10752K, 99% used [0x0000000773a80000,0x00000007744ff0d0,0x0000000774500000)
  to   space 10752K, 0% used [0x0000000773000000,0x0000000773000000,0x0000000773a80000)
 ParOldGen       total 175104K, used 15052K [0x00000006c1000000, 0x00000006cbb00000, 0x000000076b000000)
  object space 175104K, 8% used [0x00000006c1000000,0x00000006c1eb32b8,0x00000006cbb00000)
 Metaspace       used 17675K, capacity 17934K, committed 18304K, reserved 1064960K
  class space    used 2243K, capacity 2323K, committed 2432K, reserved 1048576K
}
Event: 1.888 GC heap before
{Heap before GC invocations=3 (full 0):
 PSYoungGen      total 141824K, used 53181K [0x000000076b000000, 0x0000000774500000, 0x00000007c0000000)
  eden space 131072K, 32% used [0x000000076b000000,0x000000076d970710,0x0000000773000000)
  from space 10752K, 99% used [0x0000000773a80000,0x00000007744ff0d0,0x0000000774500000)
  to   space 10752K, 0% used [0x0000000773000000,0x0000000773000000,0x0000000773a80000)
 ParOldGen       total 175104K, used 15052K [0x00000006c1000000, 0x00000006cbb00000, 0x000000076b000000)
  object space 175104K, 8% used [0x00000006c1000000,0x00000006c1eb32b8,0x00000006cbb00000)
 Metaspace       used 20869K, capacity 21180K, committed 21296K, reserved 1069056K
  class space    used 2648K, capacity 2746K, committed 2816K, reserved 1048576K
Event: 1.900 GC heap after
Heap after GC invocations=3 (full 0):
 PSYoungGen      total 141824K, used 10720K [0x000000076b000000, 0x000000077c500000, 0x00000007c0000000)
  eden space 131072K, 0% used [0x000000076b000000,0x000000076b000000,0x0000000773000000)
  from space 10752K, 99% used [0x0000000773000000,0x0000000773a78348,0x0000000773a80000)
  to   space 10752K, 0% used [0x000000077ba80000,0x000000077ba80000,0x000000077c500000)
 ParOldGen       total 175104K, used 19966K [0x00000006c1000000, 0x00000006cbb00000, 0x000000076b000000)
  object space 175104K, 11% used [0x00000006c1000000,0x00000006c237fa40,0x00000006cbb00000)
 Metaspace       used 20869K, capacity 21180K, committed 21296K, reserved 1069056K
  class space    used 2648K, capacity 2746K, committed 2816K, reserved 1048576K
}
Event: 1.900 GC heap before
{Heap before GC invocations=4 (full 1):
 PSYoungGen      total 141824K, used 10720K [0x000000076b000000, 0x000000077c500000, 0x00000007c0000000)
  eden space 131072K, 0% used [0x000000076b000000,0x000000076b000000,0x0000000773000000)
  from space 10752K, 99% used [0x0000000773000000,0x0000000773a78348,0x0000000773a80000)
  to   space 10752K, 0% used [0x000000077ba80000,0x000000077ba80000,0x000000077c500000)
 ParOldGen       total 175104K, used 19966K [0x00000006c1000000, 0x00000006cbb00000, 0x000000076b000000)
  object space 175104K, 11% used [0x00000006c1000000,0x00000006c237fa40,0x00000006cbb00000)
 Metaspace       used 20869K, capacity 21180K, committed 21296K, reserved 1069056K
  class space    used 2648K, capacity 2746K, committed 2816K, reserved 1048576K
Event: 1.948 GC heap after
Heap after GC invocations=4 (full 1):
 PSYoungGen      total 141824K, used 0K [0x000000076b000000, 0x000000077c500000, 0x00000007c0000000)
  eden space 131072K, 0% used [0x000000076b000000,0x000000076b000000,0x0000000773000000)
  from space 10752K, 0% used [0x0000000773000000,0x0000000773000000,0x0000000773a80000)
  to   space 10752K, 0% used [0x000000077ba80000,0x000000077ba80000,0x000000077c500000)
 ParOldGen       total 142336K, used 24462K [0x00000006c1000000, 0x00000006c9b00000, 0x000000076b000000)
  object space 142336K, 17% used [0x00000006c1000000,0x00000006c27e39f8,0x00000006c9b00000)
 Metaspace       used 20869K, capacity 21180K, committed 21296K, reserved 1069056K
  class space    used 2648K, capacity 2746K, committed 2816K, reserved 1048576K
}

